<?xml version="1.0" encoding="UTF-8"?>
<testsuite xmlns:xsi="http://www.w3.org/2001/XMLSchema-instance" xsi:noNamespaceSchemaLocation="https://maven.apache.org/surefire/maven-surefire-plugin/xsd/surefire-test-report-3.0.xsd" version="3.0" name="es.codeurjc.ais.nitflex.Practica1.FilmServiceTest" time="1.98" tests="2" errors="0" skipped="0" failures="0">
  <properties>
    <property name="java.specification.version" value="17"/>
    <property name="sun.jnu.encoding" value="UTF-8"/>
    <property name="java.class.path" value="/Users/loretouzquiano/Documents/UNIVERSIDAD/TERCER CURSO/Segundo Cuatrimestre/Ampliación Ingeniería del Software/PRÁCTICA 2/l.uzquiano.2021-j.romerog.2021/target/test-classes:/Users/loretouzquiano/Documents/UNIVERSIDAD/TERCER CURSO/Segundo Cuatrimestre/Ampliación Ingeniería del Software/PRÁCTICA 2/l.uzquiano.2021-j.romerog.2021/target/classes:/Users/loretouzquiano/.m2/repository/org/springframework/boot/spring-boot-starter-web/3.2.2/spring-boot-starter-web-3.2.2.jar:/Users/loretouzquiano/.m2/repository/org/springframework/boot/spring-boot-starter/3.2.2/spring-boot-starter-3.2.2.jar:/Users/loretouzquiano/.m2/repository/org/springframework/boot/spring-boot-starter-logging/3.2.2/spring-boot-starter-logging-3.2.2.jar:/Users/loretouzquiano/.m2/repository/ch/qos/logback/logback-classic/1.4.14/logback-classic-1.4.14.jar:/Users/loretouzquiano/.m2/repository/ch/qos/logback/logback-core/1.4.14/logback-core-1.4.14.jar:/Users/loretouzquiano/.m2/repository/org/apache/logging/log4j/log4j-to-slf4j/2.21.1/log4j-to-slf4j-2.21.1.jar:/Users/loretouzquiano/.m2/repository/org/apache/logging/log4j/log4j-api/2.21.1/log4j-api-2.21.1.jar:/Users/loretouzquiano/.m2/repository/org/slf4j/jul-to-slf4j/2.0.11/jul-to-slf4j-2.0.11.jar:/Users/loretouzquiano/.m2/repository/jakarta/annotation/jakarta.annotation-api/2.1.1/jakarta.annotation-api-2.1.1.jar:/Users/loretouzquiano/.m2/repository/org/yaml/snakeyaml/2.2/snakeyaml-2.2.jar:/Users/loretouzquiano/.m2/repository/org/springframework/boot/spring-boot-starter-json/3.2.2/spring-boot-starter-json-3.2.2.jar:/Users/loretouzquiano/.m2/repository/com/fasterxml/jackson/core/jackson-databind/2.15.3/jackson-databind-2.15.3.jar:/Users/loretouzquiano/.m2/repository/com/fasterxml/jackson/core/jackson-annotations/2.15.3/jackson-annotations-2.15.3.jar:/Users/loretouzquiano/.m2/repository/com/fasterxml/jackson/core/jackson-core/2.15.3/jackson-core-2.15.3.jar:/Users/loretouzquiano/.m2/repository/com/fasterxml/jackson/datatype/jackson-datatype-jdk8/2.15.3/jackson-datatype-jdk8-2.15.3.jar:/Users/loretouzquiano/.m2/repository/com/fasterxml/jackson/datatype/jackson-datatype-jsr310/2.15.3/jackson-datatype-jsr310-2.15.3.jar:/Users/loretouzquiano/.m2/repository/com/fasterxml/jackson/module/jackson-module-parameter-names/2.15.3/jackson-module-parameter-names-2.15.3.jar:/Users/loretouzquiano/.m2/repository/org/springframework/boot/spring-boot-starter-tomcat/3.2.2/spring-boot-starter-tomcat-3.2.2.jar:/Users/loretouzquiano/.m2/repository/org/apache/tomcat/embed/tomcat-embed-core/10.1.18/tomcat-embed-core-10.1.18.jar:/Users/loretouzquiano/.m2/repository/org/apache/tomcat/embed/tomcat-embed-el/10.1.18/tomcat-embed-el-10.1.18.jar:/Users/loretouzquiano/.m2/repository/org/apache/tomcat/embed/tomcat-embed-websocket/10.1.18/tomcat-embed-websocket-10.1.18.jar:/Users/loretouzquiano/.m2/repository/org/springframework/spring-web/6.1.3/spring-web-6.1.3.jar:/Users/loretouzquiano/.m2/repository/org/springframework/spring-beans/6.1.3/spring-beans-6.1.3.jar:/Users/loretouzquiano/.m2/repository/io/micrometer/micrometer-observation/1.12.2/micrometer-observation-1.12.2.jar:/Users/loretouzquiano/.m2/repository/io/micrometer/micrometer-commons/1.12.2/micrometer-commons-1.12.2.jar:/Users/loretouzquiano/.m2/repository/org/springframework/spring-webmvc/6.1.3/spring-webmvc-6.1.3.jar:/Users/loretouzquiano/.m2/repository/org/springframework/spring-aop/6.1.3/spring-aop-6.1.3.jar:/Users/loretouzquiano/.m2/repository/org/springframework/spring-context/6.1.3/spring-context-6.1.3.jar:/Users/loretouzquiano/.m2/repository/org/springframework/spring-expression/6.1.3/spring-expression-6.1.3.jar:/Users/loretouzquiano/.m2/repository/org/springframework/boot/spring-boot-starter-mustache/3.2.2/spring-boot-starter-mustache-3.2.2.jar:/Users/loretouzquiano/.m2/repository/com/samskivert/jmustache/1.15/jmustache-1.15.jar:/Users/loretouzquiano/.m2/repository/org/springframework/boot/spring-boot-devtools/3.2.2/spring-boot-devtools-3.2.2.jar:/Users/loretouzquiano/.m2/repository/org/springframework/boot/spring-boot/3.2.2/spring-boot-3.2.2.jar:/Users/loretouzquiano/.m2/repository/org/springframework/boot/spring-boot-autoconfigure/3.2.2/spring-boot-autoconfigure-3.2.2.jar:/Users/loretouzquiano/.m2/repository/org/springframework/boot/spring-boot-starter-data-jpa/3.2.2/spring-boot-starter-data-jpa-3.2.2.jar:/Users/loretouzquiano/.m2/repository/org/springframework/boot/spring-boot-starter-aop/3.2.2/spring-boot-starter-aop-3.2.2.jar:/Users/loretouzquiano/.m2/repository/org/aspectj/aspectjweaver/1.9.21/aspectjweaver-1.9.21.jar:/Users/loretouzquiano/.m2/repository/org/springframework/boot/spring-boot-starter-jdbc/3.2.2/spring-boot-starter-jdbc-3.2.2.jar:/Users/loretouzquiano/.m2/repository/com/zaxxer/HikariCP/5.0.1/HikariCP-5.0.1.jar:/Users/loretouzquiano/.m2/repository/org/springframework/spring-jdbc/6.1.3/spring-jdbc-6.1.3.jar:/Users/loretouzquiano/.m2/repository/org/hibernate/orm/hibernate-core/6.4.1.Final/hibernate-core-6.4.1.Final.jar:/Users/loretouzquiano/.m2/repository/jakarta/persistence/jakarta.persistence-api/3.1.0/jakarta.persistence-api-3.1.0.jar:/Users/loretouzquiano/.m2/repository/jakarta/transaction/jakarta.transaction-api/2.0.1/jakarta.transaction-api-2.0.1.jar:/Users/loretouzquiano/.m2/repository/org/jboss/logging/jboss-logging/3.5.3.Final/jboss-logging-3.5.3.Final.jar:/Users/loretouzquiano/.m2/repository/org/hibernate/common/hibernate-commons-annotations/6.0.6.Final/hibernate-commons-annotations-6.0.6.Final.jar:/Users/loretouzquiano/.m2/repository/io/smallrye/jandex/3.1.2/jandex-3.1.2.jar:/Users/loretouzquiano/.m2/repository/com/fasterxml/classmate/1.6.0/classmate-1.6.0.jar:/Users/loretouzquiano/.m2/repository/net/bytebuddy/byte-buddy/1.14.11/byte-buddy-1.14.11.jar:/Users/loretouzquiano/.m2/repository/org/glassfish/jaxb/jaxb-runtime/4.0.4/jaxb-runtime-4.0.4.jar:/Users/loretouzquiano/.m2/repository/org/glassfish/jaxb/jaxb-core/4.0.4/jaxb-core-4.0.4.jar:/Users/loretouzquiano/.m2/repository/org/eclipse/angus/angus-activation/2.0.1/angus-activation-2.0.1.jar:/Users/loretouzquiano/.m2/repository/org/glassfish/jaxb/txw2/4.0.4/txw2-4.0.4.jar:/Users/loretouzquiano/.m2/repository/com/sun/istack/istack-commons-runtime/4.1.2/istack-commons-runtime-4.1.2.jar:/Users/loretouzquiano/.m2/repository/jakarta/inject/jakarta.inject-api/2.0.1/jakarta.inject-api-2.0.1.jar:/Users/loretouzquiano/.m2/repository/org/antlr/antlr4-runtime/4.13.0/antlr4-runtime-4.13.0.jar:/Users/loretouzquiano/.m2/repository/org/springframework/data/spring-data-jpa/3.2.2/spring-data-jpa-3.2.2.jar:/Users/loretouzquiano/.m2/repository/org/springframework/data/spring-data-commons/3.2.2/spring-data-commons-3.2.2.jar:/Users/loretouzquiano/.m2/repository/org/springframework/spring-orm/6.1.3/spring-orm-6.1.3.jar:/Users/loretouzquiano/.m2/repository/org/springframework/spring-tx/6.1.3/spring-tx-6.1.3.jar:/Users/loretouzquiano/.m2/repository/org/slf4j/slf4j-api/2.0.11/slf4j-api-2.0.11.jar:/Users/loretouzquiano/.m2/repository/org/springframework/spring-aspects/6.1.3/spring-aspects-6.1.3.jar:/Users/loretouzquiano/.m2/repository/com/h2database/h2/2.2.224/h2-2.2.224.jar:/Users/loretouzquiano/.m2/repository/org/springframework/boot/spring-boot-starter-test/3.2.2/spring-boot-starter-test-3.2.2.jar:/Users/loretouzquiano/.m2/repository/org/springframework/boot/spring-boot-test/3.2.2/spring-boot-test-3.2.2.jar:/Users/loretouzquiano/.m2/repository/org/springframework/boot/spring-boot-test-autoconfigure/3.2.2/spring-boot-test-autoconfigure-3.2.2.jar:/Users/loretouzquiano/.m2/repository/com/jayway/jsonpath/json-path/2.8.0/json-path-2.8.0.jar:/Users/loretouzquiano/.m2/repository/jakarta/xml/bind/jakarta.xml.bind-api/4.0.1/jakarta.xml.bind-api-4.0.1.jar:/Users/loretouzquiano/.m2/repository/jakarta/activation/jakarta.activation-api/2.1.2/jakarta.activation-api-2.1.2.jar:/Users/loretouzquiano/.m2/repository/net/minidev/json-smart/2.5.0/json-smart-2.5.0.jar:/Users/loretouzquiano/.m2/repository/net/minidev/accessors-smart/2.5.0/accessors-smart-2.5.0.jar:/Users/loretouzquiano/.m2/repository/org/ow2/asm/asm/9.3/asm-9.3.jar:/Users/loretouzquiano/.m2/repository/org/awaitility/awaitility/4.2.0/awaitility-4.2.0.jar:/Users/loretouzquiano/.m2/repository/org/hamcrest/hamcrest/2.2/hamcrest-2.2.jar:/Users/loretouzquiano/.m2/repository/org/junit/jupiter/junit-jupiter/5.10.1/junit-jupiter-5.10.1.jar:/Users/loretouzquiano/.m2/repository/org/junit/jupiter/junit-jupiter-api/5.10.1/junit-jupiter-api-5.10.1.jar:/Users/loretouzquiano/.m2/repository/org/opentest4j/opentest4j/1.3.0/opentest4j-1.3.0.jar:/Users/loretouzquiano/.m2/repository/org/junit/platform/junit-platform-commons/1.10.1/junit-platform-commons-1.10.1.jar:/Users/loretouzquiano/.m2/repository/org/apiguardian/apiguardian-api/1.1.2/apiguardian-api-1.1.2.jar:/Users/loretouzquiano/.m2/repository/org/junit/jupiter/junit-jupiter-params/5.10.1/junit-jupiter-params-5.10.1.jar:/Users/loretouzquiano/.m2/repository/org/junit/jupiter/junit-jupiter-engine/5.10.1/junit-jupiter-engine-5.10.1.jar:/Users/loretouzquiano/.m2/repository/org/junit/platform/junit-platform-engine/1.10.1/junit-platform-engine-1.10.1.jar:/Users/loretouzquiano/.m2/repository/org/mockito/mockito-core/5.7.0/mockito-core-5.7.0.jar:/Users/loretouzquiano/.m2/repository/net/bytebuddy/byte-buddy-agent/1.14.11/byte-buddy-agent-1.14.11.jar:/Users/loretouzquiano/.m2/repository/org/objenesis/objenesis/3.3/objenesis-3.3.jar:/Users/loretouzquiano/.m2/repository/org/mockito/mockito-junit-jupiter/5.7.0/mockito-junit-jupiter-5.7.0.jar:/Users/loretouzquiano/.m2/repository/org/skyscreamer/jsonassert/1.5.1/jsonassert-1.5.1.jar:/Users/loretouzquiano/.m2/repository/com/vaadin/external/google/android-json/0.0.20131108.vaadin1/android-json-0.0.20131108.vaadin1.jar:/Users/loretouzquiano/.m2/repository/org/springframework/spring-core/6.1.3/spring-core-6.1.3.jar:/Users/loretouzquiano/.m2/repository/org/springframework/spring-jcl/6.1.3/spring-jcl-6.1.3.jar:/Users/loretouzquiano/.m2/repository/org/springframework/spring-test/6.1.3/spring-test-6.1.3.jar:/Users/loretouzquiano/.m2/repository/org/xmlunit/xmlunit-core/2.9.1/xmlunit-core-2.9.1.jar:/Users/loretouzquiano/.m2/repository/io/rest-assured/rest-assured/5.4.0/rest-assured-5.4.0.jar:/Users/loretouzquiano/.m2/repository/org/apache/groovy/groovy/4.0.17/groovy-4.0.17.jar:/Users/loretouzquiano/.m2/repository/org/apache/groovy/groovy-xml/4.0.17/groovy-xml-4.0.17.jar:/Users/loretouzquiano/.m2/repository/org/apache/httpcomponents/httpclient/4.5.13/httpclient-4.5.13.jar:/Users/loretouzquiano/.m2/repository/org/apache/httpcomponents/httpcore/4.4.16/httpcore-4.4.16.jar:/Users/loretouzquiano/.m2/repository/commons-logging/commons-logging/1.2/commons-logging-1.2.jar:/Users/loretouzquiano/.m2/repository/commons-codec/commons-codec/1.16.0/commons-codec-1.16.0.jar:/Users/loretouzquiano/.m2/repository/org/apache/httpcomponents/httpmime/4.5.13/httpmime-4.5.13.jar:/Users/loretouzquiano/.m2/repository/org/ccil/cowan/tagsoup/tagsoup/1.2.1/tagsoup-1.2.1.jar:/Users/loretouzquiano/.m2/repository/io/rest-assured/json-path/5.3.2/json-path-5.3.2.jar:/Users/loretouzquiano/.m2/repository/org/apache/groovy/groovy-json/4.0.17/groovy-json-4.0.17.jar:/Users/loretouzquiano/.m2/repository/io/rest-assured/rest-assured-common/5.3.2/rest-assured-common-5.3.2.jar:/Users/loretouzquiano/.m2/repository/io/rest-assured/xml-path/5.3.2/xml-path-5.3.2.jar:/Users/loretouzquiano/.m2/repository/org/apache/commons/commons-lang3/3.13.0/commons-lang3-3.13.0.jar:/Users/loretouzquiano/.m2/repository/org/seleniumhq/selenium/selenium-java/4.16.0/selenium-java-4.16.0.jar:/Users/loretouzquiano/.m2/repository/org/seleniumhq/selenium/selenium-api/4.16.0/selenium-api-4.16.0.jar:/Users/loretouzquiano/.m2/repository/org/seleniumhq/selenium/selenium-chrome-driver/4.16.0/selenium-chrome-driver-4.16.0.jar:/Users/loretouzquiano/.m2/repository/com/google/auto/service/auto-service-annotations/1.1.1/auto-service-annotations-1.1.1.jar:/Users/loretouzquiano/.m2/repository/org/seleniumhq/selenium/selenium-chromium-driver/4.16.0/selenium-chromium-driver-4.16.0.jar:/Users/loretouzquiano/.m2/repository/org/seleniumhq/selenium/selenium-json/4.16.0/selenium-json-4.16.0.jar:/Users/loretouzquiano/.m2/repository/org/seleniumhq/selenium/selenium-manager/4.16.0/selenium-manager-4.16.0.jar:/Users/loretouzquiano/.m2/repository/org/seleniumhq/selenium/selenium-devtools-v118/4.16.0/selenium-devtools-v118-4.16.0.jar:/Users/loretouzquiano/.m2/repository/org/seleniumhq/selenium/selenium-devtools-v119/4.16.0/selenium-devtools-v119-4.16.0.jar:/Users/loretouzquiano/.m2/repository/org/seleniumhq/selenium/selenium-devtools-v120/4.16.0/selenium-devtools-v120-4.16.0.jar:/Users/loretouzquiano/.m2/repository/org/seleniumhq/selenium/selenium-devtools-v85/4.16.0/selenium-devtools-v85-4.16.0.jar:/Users/loretouzquiano/.m2/repository/org/seleniumhq/selenium/selenium-edge-driver/4.16.0/selenium-edge-driver-4.16.0.jar:/Users/loretouzquiano/.m2/repository/org/seleniumhq/selenium/selenium-firefox-driver/4.16.0/selenium-firefox-driver-4.16.0.jar:/Users/loretouzquiano/.m2/repository/org/seleniumhq/selenium/selenium-http/4.16.0/selenium-http-4.16.0.jar:/Users/loretouzquiano/.m2/repository/dev/failsafe/failsafe/3.3.2/failsafe-3.3.2.jar:/Users/loretouzquiano/.m2/repository/org/seleniumhq/selenium/selenium-ie-driver/4.16.0/selenium-ie-driver-4.16.0.jar:/Users/loretouzquiano/.m2/repository/org/seleniumhq/selenium/selenium-remote-driver/4.16.0/selenium-remote-driver-4.16.0.jar:/Users/loretouzquiano/.m2/repository/com/google/guava/guava/32.1.2-jre/guava-32.1.2-jre.jar:/Users/loretouzquiano/.m2/repository/com/google/guava/failureaccess/1.0.1/failureaccess-1.0.1.jar:/Users/loretouzquiano/.m2/repository/com/google/guava/listenablefuture/9999.0-empty-to-avoid-conflict-with-guava/listenablefuture-9999.0-empty-to-avoid-conflict-with-guava.jar:/Users/loretouzquiano/.m2/repository/com/google/code/findbugs/jsr305/3.0.2/jsr305-3.0.2.jar:/Users/loretouzquiano/.m2/repository/org/checkerframework/checker-qual/3.33.0/checker-qual-3.33.0.jar:/Users/loretouzquiano/.m2/repository/com/google/errorprone/error_prone_annotations/2.18.0/error_prone_annotations-2.18.0.jar:/Users/loretouzquiano/.m2/repository/com/google/j2objc/j2objc-annotations/2.8/j2objc-annotations-2.8.jar:/Users/loretouzquiano/.m2/repository/io/opentelemetry/opentelemetry-api/1.31.0/opentelemetry-api-1.31.0.jar:/Users/loretouzquiano/.m2/repository/io/opentelemetry/opentelemetry-context/1.31.0/opentelemetry-context-1.31.0.jar:/Users/loretouzquiano/.m2/repository/io/opentelemetry/opentelemetry-exporter-logging/1.31.0/opentelemetry-exporter-logging-1.31.0.jar:/Users/loretouzquiano/.m2/repository/io/opentelemetry/opentelemetry-sdk-common/1.31.0/opentelemetry-sdk-common-1.31.0.jar:/Users/loretouzquiano/.m2/repository/io/opentelemetry/opentelemetry-sdk-extension-autoconfigure-spi/1.31.0/opentelemetry-sdk-extension-autoconfigure-spi-1.31.0.jar:/Users/loretouzquiano/.m2/repository/io/opentelemetry/opentelemetry-sdk-extension-autoconfigure/1.31.0/opentelemetry-sdk-extension-autoconfigure-1.31.0.jar:/Users/loretouzquiano/.m2/repository/io/opentelemetry/opentelemetry-api-events/1.31.0-alpha/opentelemetry-api-events-1.31.0-alpha.jar:/Users/loretouzquiano/.m2/repository/io/opentelemetry/opentelemetry-sdk-trace/1.31.0/opentelemetry-sdk-trace-1.31.0.jar:/Users/loretouzquiano/.m2/repository/io/opentelemetry/opentelemetry-sdk/1.31.0/opentelemetry-sdk-1.31.0.jar:/Users/loretouzquiano/.m2/repository/io/opentelemetry/opentelemetry-sdk-metrics/1.31.0/opentelemetry-sdk-metrics-1.31.0.jar:/Users/loretouzquiano/.m2/repository/io/opentelemetry/opentelemetry-extension-incubator/1.31.0-alpha/opentelemetry-extension-incubator-1.31.0-alpha.jar:/Users/loretouzquiano/.m2/repository/io/opentelemetry/opentelemetry-sdk-logs/1.31.0/opentelemetry-sdk-logs-1.31.0.jar:/Users/loretouzquiano/.m2/repository/io/opentelemetry/opentelemetry-semconv/1.28.0-alpha/opentelemetry-semconv-1.28.0-alpha.jar:/Users/loretouzquiano/.m2/repository/org/seleniumhq/selenium/selenium-os/4.16.0/selenium-os-4.16.0.jar:/Users/loretouzquiano/.m2/repository/org/apache/commons/commons-exec/1.3/commons-exec-1.3.jar:/Users/loretouzquiano/.m2/repository/org/seleniumhq/selenium/selenium-safari-driver/4.16.0/selenium-safari-driver-4.16.0.jar:/Users/loretouzquiano/.m2/repository/org/seleniumhq/selenium/selenium-support/4.16.0/selenium-support-4.16.0.jar:/Users/loretouzquiano/.m2/repository/org/assertj/assertj-core/3.8.0/assertj-core-3.8.0.jar:"/>
    <property name="java.vm.vendor" value="Eclipse Adoptium"/>
    <property name="sun.arch.data.model" value="64"/>
    <property name="catalina.useNaming" value="false"/>
    <property name="java.vendor.url" value="https://adoptium.net/"/>
    <property name="user.timezone" value="Europe/Madrid"/>
    <property name="org.jboss.logging.provider" value="slf4j"/>
    <property name="os.name" value="Mac OS X"/>
    <property name="java.vm.specification.version" value="17"/>
    <property name="sun.java.launcher" value="SUN_STANDARD"/>
    <property name="user.country" value="ES"/>
    <property name="sun.boot.library.path" value="/Users/loretouzquiano/.sdkman/candidates/java/17.0.10-tem/lib"/>
    <property name="sun.java.command" value="/Users/loretouzquiano/Documents/UNIVERSIDAD/TERCER CURSO/Segundo Cuatrimestre/Ampliación Ingeniería del Software/PRÁCTICA 2/l.uzquiano.2021-j.romerog.2021/target/surefire/surefirebooter-20240311192118110_3.jar /Users/loretouzquiano/Documents/UNIVERSIDAD/TERCER CURSO/Segundo Cuatrimestre/Ampliación Ingeniería del Software/PRÁCTICA 2/l.uzquiano.2021-j.romerog.2021/target/surefire 2024-03-11T19-21-17_825-jvmRun1 surefire-20240311192118110_1tmp surefire_0-20240311192118110_2tmp"/>
    <property name="jdk.debug" value="release"/>
    <property name="surefire.test.class.path" value="/Users/loretouzquiano/Documents/UNIVERSIDAD/TERCER CURSO/Segundo Cuatrimestre/Ampliación Ingeniería del Software/PRÁCTICA 2/l.uzquiano.2021-j.romerog.2021/target/test-classes:/Users/loretouzquiano/Documents/UNIVERSIDAD/TERCER CURSO/Segundo Cuatrimestre/Ampliación Ingeniería del Software/PRÁCTICA 2/l.uzquiano.2021-j.romerog.2021/target/classes:/Users/loretouzquiano/.m2/repository/org/springframework/boot/spring-boot-starter-web/3.2.2/spring-boot-starter-web-3.2.2.jar:/Users/loretouzquiano/.m2/repository/org/springframework/boot/spring-boot-starter/3.2.2/spring-boot-starter-3.2.2.jar:/Users/loretouzquiano/.m2/repository/org/springframework/boot/spring-boot-starter-logging/3.2.2/spring-boot-starter-logging-3.2.2.jar:/Users/loretouzquiano/.m2/repository/ch/qos/logback/logback-classic/1.4.14/logback-classic-1.4.14.jar:/Users/loretouzquiano/.m2/repository/ch/qos/logback/logback-core/1.4.14/logback-core-1.4.14.jar:/Users/loretouzquiano/.m2/repository/org/apache/logging/log4j/log4j-to-slf4j/2.21.1/log4j-to-slf4j-2.21.1.jar:/Users/loretouzquiano/.m2/repository/org/apache/logging/log4j/log4j-api/2.21.1/log4j-api-2.21.1.jar:/Users/loretouzquiano/.m2/repository/org/slf4j/jul-to-slf4j/2.0.11/jul-to-slf4j-2.0.11.jar:/Users/loretouzquiano/.m2/repository/jakarta/annotation/jakarta.annotation-api/2.1.1/jakarta.annotation-api-2.1.1.jar:/Users/loretouzquiano/.m2/repository/org/yaml/snakeyaml/2.2/snakeyaml-2.2.jar:/Users/loretouzquiano/.m2/repository/org/springframework/boot/spring-boot-starter-json/3.2.2/spring-boot-starter-json-3.2.2.jar:/Users/loretouzquiano/.m2/repository/com/fasterxml/jackson/core/jackson-databind/2.15.3/jackson-databind-2.15.3.jar:/Users/loretouzquiano/.m2/repository/com/fasterxml/jackson/core/jackson-annotations/2.15.3/jackson-annotations-2.15.3.jar:/Users/loretouzquiano/.m2/repository/com/fasterxml/jackson/core/jackson-core/2.15.3/jackson-core-2.15.3.jar:/Users/loretouzquiano/.m2/repository/com/fasterxml/jackson/datatype/jackson-datatype-jdk8/2.15.3/jackson-datatype-jdk8-2.15.3.jar:/Users/loretouzquiano/.m2/repository/com/fasterxml/jackson/datatype/jackson-datatype-jsr310/2.15.3/jackson-datatype-jsr310-2.15.3.jar:/Users/loretouzquiano/.m2/repository/com/fasterxml/jackson/module/jackson-module-parameter-names/2.15.3/jackson-module-parameter-names-2.15.3.jar:/Users/loretouzquiano/.m2/repository/org/springframework/boot/spring-boot-starter-tomcat/3.2.2/spring-boot-starter-tomcat-3.2.2.jar:/Users/loretouzquiano/.m2/repository/org/apache/tomcat/embed/tomcat-embed-core/10.1.18/tomcat-embed-core-10.1.18.jar:/Users/loretouzquiano/.m2/repository/org/apache/tomcat/embed/tomcat-embed-el/10.1.18/tomcat-embed-el-10.1.18.jar:/Users/loretouzquiano/.m2/repository/org/apache/tomcat/embed/tomcat-embed-websocket/10.1.18/tomcat-embed-websocket-10.1.18.jar:/Users/loretouzquiano/.m2/repository/org/springframework/spring-web/6.1.3/spring-web-6.1.3.jar:/Users/loretouzquiano/.m2/repository/org/springframework/spring-beans/6.1.3/spring-beans-6.1.3.jar:/Users/loretouzquiano/.m2/repository/io/micrometer/micrometer-observation/1.12.2/micrometer-observation-1.12.2.jar:/Users/loretouzquiano/.m2/repository/io/micrometer/micrometer-commons/1.12.2/micrometer-commons-1.12.2.jar:/Users/loretouzquiano/.m2/repository/org/springframework/spring-webmvc/6.1.3/spring-webmvc-6.1.3.jar:/Users/loretouzquiano/.m2/repository/org/springframework/spring-aop/6.1.3/spring-aop-6.1.3.jar:/Users/loretouzquiano/.m2/repository/org/springframework/spring-context/6.1.3/spring-context-6.1.3.jar:/Users/loretouzquiano/.m2/repository/org/springframework/spring-expression/6.1.3/spring-expression-6.1.3.jar:/Users/loretouzquiano/.m2/repository/org/springframework/boot/spring-boot-starter-mustache/3.2.2/spring-boot-starter-mustache-3.2.2.jar:/Users/loretouzquiano/.m2/repository/com/samskivert/jmustache/1.15/jmustache-1.15.jar:/Users/loretouzquiano/.m2/repository/org/springframework/boot/spring-boot-devtools/3.2.2/spring-boot-devtools-3.2.2.jar:/Users/loretouzquiano/.m2/repository/org/springframework/boot/spring-boot/3.2.2/spring-boot-3.2.2.jar:/Users/loretouzquiano/.m2/repository/org/springframework/boot/spring-boot-autoconfigure/3.2.2/spring-boot-autoconfigure-3.2.2.jar:/Users/loretouzquiano/.m2/repository/org/springframework/boot/spring-boot-starter-data-jpa/3.2.2/spring-boot-starter-data-jpa-3.2.2.jar:/Users/loretouzquiano/.m2/repository/org/springframework/boot/spring-boot-starter-aop/3.2.2/spring-boot-starter-aop-3.2.2.jar:/Users/loretouzquiano/.m2/repository/org/aspectj/aspectjweaver/1.9.21/aspectjweaver-1.9.21.jar:/Users/loretouzquiano/.m2/repository/org/springframework/boot/spring-boot-starter-jdbc/3.2.2/spring-boot-starter-jdbc-3.2.2.jar:/Users/loretouzquiano/.m2/repository/com/zaxxer/HikariCP/5.0.1/HikariCP-5.0.1.jar:/Users/loretouzquiano/.m2/repository/org/springframework/spring-jdbc/6.1.3/spring-jdbc-6.1.3.jar:/Users/loretouzquiano/.m2/repository/org/hibernate/orm/hibernate-core/6.4.1.Final/hibernate-core-6.4.1.Final.jar:/Users/loretouzquiano/.m2/repository/jakarta/persistence/jakarta.persistence-api/3.1.0/jakarta.persistence-api-3.1.0.jar:/Users/loretouzquiano/.m2/repository/jakarta/transaction/jakarta.transaction-api/2.0.1/jakarta.transaction-api-2.0.1.jar:/Users/loretouzquiano/.m2/repository/org/jboss/logging/jboss-logging/3.5.3.Final/jboss-logging-3.5.3.Final.jar:/Users/loretouzquiano/.m2/repository/org/hibernate/common/hibernate-commons-annotations/6.0.6.Final/hibernate-commons-annotations-6.0.6.Final.jar:/Users/loretouzquiano/.m2/repository/io/smallrye/jandex/3.1.2/jandex-3.1.2.jar:/Users/loretouzquiano/.m2/repository/com/fasterxml/classmate/1.6.0/classmate-1.6.0.jar:/Users/loretouzquiano/.m2/repository/net/bytebuddy/byte-buddy/1.14.11/byte-buddy-1.14.11.jar:/Users/loretouzquiano/.m2/repository/org/glassfish/jaxb/jaxb-runtime/4.0.4/jaxb-runtime-4.0.4.jar:/Users/loretouzquiano/.m2/repository/org/glassfish/jaxb/jaxb-core/4.0.4/jaxb-core-4.0.4.jar:/Users/loretouzquiano/.m2/repository/org/eclipse/angus/angus-activation/2.0.1/angus-activation-2.0.1.jar:/Users/loretouzquiano/.m2/repository/org/glassfish/jaxb/txw2/4.0.4/txw2-4.0.4.jar:/Users/loretouzquiano/.m2/repository/com/sun/istack/istack-commons-runtime/4.1.2/istack-commons-runtime-4.1.2.jar:/Users/loretouzquiano/.m2/repository/jakarta/inject/jakarta.inject-api/2.0.1/jakarta.inject-api-2.0.1.jar:/Users/loretouzquiano/.m2/repository/org/antlr/antlr4-runtime/4.13.0/antlr4-runtime-4.13.0.jar:/Users/loretouzquiano/.m2/repository/org/springframework/data/spring-data-jpa/3.2.2/spring-data-jpa-3.2.2.jar:/Users/loretouzquiano/.m2/repository/org/springframework/data/spring-data-commons/3.2.2/spring-data-commons-3.2.2.jar:/Users/loretouzquiano/.m2/repository/org/springframework/spring-orm/6.1.3/spring-orm-6.1.3.jar:/Users/loretouzquiano/.m2/repository/org/springframework/spring-tx/6.1.3/spring-tx-6.1.3.jar:/Users/loretouzquiano/.m2/repository/org/slf4j/slf4j-api/2.0.11/slf4j-api-2.0.11.jar:/Users/loretouzquiano/.m2/repository/org/springframework/spring-aspects/6.1.3/spring-aspects-6.1.3.jar:/Users/loretouzquiano/.m2/repository/com/h2database/h2/2.2.224/h2-2.2.224.jar:/Users/loretouzquiano/.m2/repository/org/springframework/boot/spring-boot-starter-test/3.2.2/spring-boot-starter-test-3.2.2.jar:/Users/loretouzquiano/.m2/repository/org/springframework/boot/spring-boot-test/3.2.2/spring-boot-test-3.2.2.jar:/Users/loretouzquiano/.m2/repository/org/springframework/boot/spring-boot-test-autoconfigure/3.2.2/spring-boot-test-autoconfigure-3.2.2.jar:/Users/loretouzquiano/.m2/repository/com/jayway/jsonpath/json-path/2.8.0/json-path-2.8.0.jar:/Users/loretouzquiano/.m2/repository/jakarta/xml/bind/jakarta.xml.bind-api/4.0.1/jakarta.xml.bind-api-4.0.1.jar:/Users/loretouzquiano/.m2/repository/jakarta/activation/jakarta.activation-api/2.1.2/jakarta.activation-api-2.1.2.jar:/Users/loretouzquiano/.m2/repository/net/minidev/json-smart/2.5.0/json-smart-2.5.0.jar:/Users/loretouzquiano/.m2/repository/net/minidev/accessors-smart/2.5.0/accessors-smart-2.5.0.jar:/Users/loretouzquiano/.m2/repository/org/ow2/asm/asm/9.3/asm-9.3.jar:/Users/loretouzquiano/.m2/repository/org/awaitility/awaitility/4.2.0/awaitility-4.2.0.jar:/Users/loretouzquiano/.m2/repository/org/hamcrest/hamcrest/2.2/hamcrest-2.2.jar:/Users/loretouzquiano/.m2/repository/org/junit/jupiter/junit-jupiter/5.10.1/junit-jupiter-5.10.1.jar:/Users/loretouzquiano/.m2/repository/org/junit/jupiter/junit-jupiter-api/5.10.1/junit-jupiter-api-5.10.1.jar:/Users/loretouzquiano/.m2/repository/org/opentest4j/opentest4j/1.3.0/opentest4j-1.3.0.jar:/Users/loretouzquiano/.m2/repository/org/junit/platform/junit-platform-commons/1.10.1/junit-platform-commons-1.10.1.jar:/Users/loretouzquiano/.m2/repository/org/apiguardian/apiguardian-api/1.1.2/apiguardian-api-1.1.2.jar:/Users/loretouzquiano/.m2/repository/org/junit/jupiter/junit-jupiter-params/5.10.1/junit-jupiter-params-5.10.1.jar:/Users/loretouzquiano/.m2/repository/org/junit/jupiter/junit-jupiter-engine/5.10.1/junit-jupiter-engine-5.10.1.jar:/Users/loretouzquiano/.m2/repository/org/junit/platform/junit-platform-engine/1.10.1/junit-platform-engine-1.10.1.jar:/Users/loretouzquiano/.m2/repository/org/mockito/mockito-core/5.7.0/mockito-core-5.7.0.jar:/Users/loretouzquiano/.m2/repository/net/bytebuddy/byte-buddy-agent/1.14.11/byte-buddy-agent-1.14.11.jar:/Users/loretouzquiano/.m2/repository/org/objenesis/objenesis/3.3/objenesis-3.3.jar:/Users/loretouzquiano/.m2/repository/org/mockito/mockito-junit-jupiter/5.7.0/mockito-junit-jupiter-5.7.0.jar:/Users/loretouzquiano/.m2/repository/org/skyscreamer/jsonassert/1.5.1/jsonassert-1.5.1.jar:/Users/loretouzquiano/.m2/repository/com/vaadin/external/google/android-json/0.0.20131108.vaadin1/android-json-0.0.20131108.vaadin1.jar:/Users/loretouzquiano/.m2/repository/org/springframework/spring-core/6.1.3/spring-core-6.1.3.jar:/Users/loretouzquiano/.m2/repository/org/springframework/spring-jcl/6.1.3/spring-jcl-6.1.3.jar:/Users/loretouzquiano/.m2/repository/org/springframework/spring-test/6.1.3/spring-test-6.1.3.jar:/Users/loretouzquiano/.m2/repository/org/xmlunit/xmlunit-core/2.9.1/xmlunit-core-2.9.1.jar:/Users/loretouzquiano/.m2/repository/io/rest-assured/rest-assured/5.4.0/rest-assured-5.4.0.jar:/Users/loretouzquiano/.m2/repository/org/apache/groovy/groovy/4.0.17/groovy-4.0.17.jar:/Users/loretouzquiano/.m2/repository/org/apache/groovy/groovy-xml/4.0.17/groovy-xml-4.0.17.jar:/Users/loretouzquiano/.m2/repository/org/apache/httpcomponents/httpclient/4.5.13/httpclient-4.5.13.jar:/Users/loretouzquiano/.m2/repository/org/apache/httpcomponents/httpcore/4.4.16/httpcore-4.4.16.jar:/Users/loretouzquiano/.m2/repository/commons-logging/commons-logging/1.2/commons-logging-1.2.jar:/Users/loretouzquiano/.m2/repository/commons-codec/commons-codec/1.16.0/commons-codec-1.16.0.jar:/Users/loretouzquiano/.m2/repository/org/apache/httpcomponents/httpmime/4.5.13/httpmime-4.5.13.jar:/Users/loretouzquiano/.m2/repository/org/ccil/cowan/tagsoup/tagsoup/1.2.1/tagsoup-1.2.1.jar:/Users/loretouzquiano/.m2/repository/io/rest-assured/json-path/5.3.2/json-path-5.3.2.jar:/Users/loretouzquiano/.m2/repository/org/apache/groovy/groovy-json/4.0.17/groovy-json-4.0.17.jar:/Users/loretouzquiano/.m2/repository/io/rest-assured/rest-assured-common/5.3.2/rest-assured-common-5.3.2.jar:/Users/loretouzquiano/.m2/repository/io/rest-assured/xml-path/5.3.2/xml-path-5.3.2.jar:/Users/loretouzquiano/.m2/repository/org/apache/commons/commons-lang3/3.13.0/commons-lang3-3.13.0.jar:/Users/loretouzquiano/.m2/repository/org/seleniumhq/selenium/selenium-java/4.16.0/selenium-java-4.16.0.jar:/Users/loretouzquiano/.m2/repository/org/seleniumhq/selenium/selenium-api/4.16.0/selenium-api-4.16.0.jar:/Users/loretouzquiano/.m2/repository/org/seleniumhq/selenium/selenium-chrome-driver/4.16.0/selenium-chrome-driver-4.16.0.jar:/Users/loretouzquiano/.m2/repository/com/google/auto/service/auto-service-annotations/1.1.1/auto-service-annotations-1.1.1.jar:/Users/loretouzquiano/.m2/repository/org/seleniumhq/selenium/selenium-chromium-driver/4.16.0/selenium-chromium-driver-4.16.0.jar:/Users/loretouzquiano/.m2/repository/org/seleniumhq/selenium/selenium-json/4.16.0/selenium-json-4.16.0.jar:/Users/loretouzquiano/.m2/repository/org/seleniumhq/selenium/selenium-manager/4.16.0/selenium-manager-4.16.0.jar:/Users/loretouzquiano/.m2/repository/org/seleniumhq/selenium/selenium-devtools-v118/4.16.0/selenium-devtools-v118-4.16.0.jar:/Users/loretouzquiano/.m2/repository/org/seleniumhq/selenium/selenium-devtools-v119/4.16.0/selenium-devtools-v119-4.16.0.jar:/Users/loretouzquiano/.m2/repository/org/seleniumhq/selenium/selenium-devtools-v120/4.16.0/selenium-devtools-v120-4.16.0.jar:/Users/loretouzquiano/.m2/repository/org/seleniumhq/selenium/selenium-devtools-v85/4.16.0/selenium-devtools-v85-4.16.0.jar:/Users/loretouzquiano/.m2/repository/org/seleniumhq/selenium/selenium-edge-driver/4.16.0/selenium-edge-driver-4.16.0.jar:/Users/loretouzquiano/.m2/repository/org/seleniumhq/selenium/selenium-firefox-driver/4.16.0/selenium-firefox-driver-4.16.0.jar:/Users/loretouzquiano/.m2/repository/org/seleniumhq/selenium/selenium-http/4.16.0/selenium-http-4.16.0.jar:/Users/loretouzquiano/.m2/repository/dev/failsafe/failsafe/3.3.2/failsafe-3.3.2.jar:/Users/loretouzquiano/.m2/repository/org/seleniumhq/selenium/selenium-ie-driver/4.16.0/selenium-ie-driver-4.16.0.jar:/Users/loretouzquiano/.m2/repository/org/seleniumhq/selenium/selenium-remote-driver/4.16.0/selenium-remote-driver-4.16.0.jar:/Users/loretouzquiano/.m2/repository/com/google/guava/guava/32.1.2-jre/guava-32.1.2-jre.jar:/Users/loretouzquiano/.m2/repository/com/google/guava/failureaccess/1.0.1/failureaccess-1.0.1.jar:/Users/loretouzquiano/.m2/repository/com/google/guava/listenablefuture/9999.0-empty-to-avoid-conflict-with-guava/listenablefuture-9999.0-empty-to-avoid-conflict-with-guava.jar:/Users/loretouzquiano/.m2/repository/com/google/code/findbugs/jsr305/3.0.2/jsr305-3.0.2.jar:/Users/loretouzquiano/.m2/repository/org/checkerframework/checker-qual/3.33.0/checker-qual-3.33.0.jar:/Users/loretouzquiano/.m2/repository/com/google/errorprone/error_prone_annotations/2.18.0/error_prone_annotations-2.18.0.jar:/Users/loretouzquiano/.m2/repository/com/google/j2objc/j2objc-annotations/2.8/j2objc-annotations-2.8.jar:/Users/loretouzquiano/.m2/repository/io/opentelemetry/opentelemetry-api/1.31.0/opentelemetry-api-1.31.0.jar:/Users/loretouzquiano/.m2/repository/io/opentelemetry/opentelemetry-context/1.31.0/opentelemetry-context-1.31.0.jar:/Users/loretouzquiano/.m2/repository/io/opentelemetry/opentelemetry-exporter-logging/1.31.0/opentelemetry-exporter-logging-1.31.0.jar:/Users/loretouzquiano/.m2/repository/io/opentelemetry/opentelemetry-sdk-common/1.31.0/opentelemetry-sdk-common-1.31.0.jar:/Users/loretouzquiano/.m2/repository/io/opentelemetry/opentelemetry-sdk-extension-autoconfigure-spi/1.31.0/opentelemetry-sdk-extension-autoconfigure-spi-1.31.0.jar:/Users/loretouzquiano/.m2/repository/io/opentelemetry/opentelemetry-sdk-extension-autoconfigure/1.31.0/opentelemetry-sdk-extension-autoconfigure-1.31.0.jar:/Users/loretouzquiano/.m2/repository/io/opentelemetry/opentelemetry-api-events/1.31.0-alpha/opentelemetry-api-events-1.31.0-alpha.jar:/Users/loretouzquiano/.m2/repository/io/opentelemetry/opentelemetry-sdk-trace/1.31.0/opentelemetry-sdk-trace-1.31.0.jar:/Users/loretouzquiano/.m2/repository/io/opentelemetry/opentelemetry-sdk/1.31.0/opentelemetry-sdk-1.31.0.jar:/Users/loretouzquiano/.m2/repository/io/opentelemetry/opentelemetry-sdk-metrics/1.31.0/opentelemetry-sdk-metrics-1.31.0.jar:/Users/loretouzquiano/.m2/repository/io/opentelemetry/opentelemetry-extension-incubator/1.31.0-alpha/opentelemetry-extension-incubator-1.31.0-alpha.jar:/Users/loretouzquiano/.m2/repository/io/opentelemetry/opentelemetry-sdk-logs/1.31.0/opentelemetry-sdk-logs-1.31.0.jar:/Users/loretouzquiano/.m2/repository/io/opentelemetry/opentelemetry-semconv/1.28.0-alpha/opentelemetry-semconv-1.28.0-alpha.jar:/Users/loretouzquiano/.m2/repository/org/seleniumhq/selenium/selenium-os/4.16.0/selenium-os-4.16.0.jar:/Users/loretouzquiano/.m2/repository/org/apache/commons/commons-exec/1.3/commons-exec-1.3.jar:/Users/loretouzquiano/.m2/repository/org/seleniumhq/selenium/selenium-safari-driver/4.16.0/selenium-safari-driver-4.16.0.jar:/Users/loretouzquiano/.m2/repository/org/seleniumhq/selenium/selenium-support/4.16.0/selenium-support-4.16.0.jar:/Users/loretouzquiano/.m2/repository/org/assertj/assertj-core/3.8.0/assertj-core-3.8.0.jar:"/>
    <property name="sun.cpu.endian" value="little"/>
    <property name="user.home" value="/Users/loretouzquiano"/>
    <property name="user.language" value="es"/>
    <property name="java.specification.vendor" value="Oracle Corporation"/>
    <property name="java.version.date" value="2024-01-16"/>
    <property name="java.home" value="/Users/loretouzquiano/.sdkman/candidates/java/17.0.10-tem"/>
    <property name="file.separator" value="/"/>
    <property name="basedir" value="/Users/loretouzquiano/Documents/UNIVERSIDAD/TERCER CURSO/Segundo Cuatrimestre/Ampliación Ingeniería del Software/PRÁCTICA 2/l.uzquiano.2021-j.romerog.2021"/>
    <property name="java.vm.compressedOopsMode" value="Zero based"/>
    <property name="line.separator" value="&#10;"/>
    <property name="java.vm.specification.vendor" value="Oracle Corporation"/>
    <property name="java.specification.name" value="Java Platform API Specification"/>
    <property name="FILE_LOG_CHARSET" value="UTF-8"/>
    <property name="java.awt.headless" value="true"/>
    <property name="surefire.real.class.path" value="/Users/loretouzquiano/Documents/UNIVERSIDAD/TERCER CURSO/Segundo Cuatrimestre/Ampliación Ingeniería del Software/PRÁCTICA 2/l.uzquiano.2021-j.romerog.2021/target/surefire/surefirebooter-20240311192118110_3.jar"/>
    <property name="sun.management.compiler" value="HotSpot 64-Bit Tiered Compilers"/>
    <property name="java.runtime.version" value="17.0.10+7"/>
    <property name="user.name" value="loretouzquiano"/>
    <property name="path.separator" value=":"/>
    <property name="os.version" value="14.4"/>
    <property name="java.runtime.name" value="OpenJDK Runtime Environment"/>
    <property name="file.encoding" value="UTF-8"/>
    <property name="java.vm.name" value="OpenJDK 64-Bit Server VM"/>
    <property name="java.vendor.version" value="Temurin-17.0.10+7"/>
    <property name="localRepository" value="/Users/loretouzquiano/.m2/repository"/>
    <property name="java.vendor.url.bug" value="https://github.com/adoptium/adoptium-support/issues"/>
    <property name="java.io.tmpdir" value="/var/folders/10/6c4j83f137vd48bkryvsw0w00000gn/T/"/>
    <property name="catalina.home" value="/private/var/folders/10/6c4j83f137vd48bkryvsw0w00000gn/T/tomcat.0.15176887048321687050"/>
    <property name="com.zaxxer.hikari.pool_number" value="1"/>
    <property name="java.version" value="17.0.10"/>
    <property name="user.dir" value="/Users/loretouzquiano/Documents/UNIVERSIDAD/TERCER CURSO/Segundo Cuatrimestre/Ampliación Ingeniería del Software/PRÁCTICA 2/l.uzquiano.2021-j.romerog.2021"/>
    <property name="os.arch" value="x86_64"/>
    <property name="java.vm.specification.name" value="Java Virtual Machine Specification"/>
    <property name="PID" value="2905"/>
    <property name="CONSOLE_LOG_CHARSET" value="UTF-8"/>
    <property name="catalina.base" value="/private/var/folders/10/6c4j83f137vd48bkryvsw0w00000gn/T/tomcat.0.15176887048321687050"/>
    <property name="native.encoding" value="UTF-8"/>
    <property name="java.library.path" value="/Users/loretouzquiano/Library/Java/Extensions:/Library/Java/Extensions:/Network/Library/Java/Extensions:/System/Library/Java/Extensions:/usr/lib/java:."/>
    <property name="java.vm.info" value="mixed mode"/>
    <property name="java.vendor" value="Eclipse Adoptium"/>
    <property name="java.vm.version" value="17.0.10+7"/>
    <property name="sun.io.unicode.encoding" value="UnicodeBig"/>
    <property name="java.class.version" value="61.0"/>
  </properties>
  <testcase name="saveFilmCorrectURLTest" classname="es.codeurjc.ais.nitflex.Practica1.FilmServiceTest" time="1.927"/>
  <testcase name="saveFilmIncorrectURLTest" classname="es.codeurjc.ais.nitflex.Practica1.FilmServiceTest" time="0.043"/>
</testsuite>